# JRE version: Java(TM) SE Runtime Environment (8.0_144-b01) (build 1.8.0_144-b01)
# Java VM: Java HotSpot(TM) 64-Bit Server VM (25.144-b01 mixed mode windows-amd64 compressed oops)
Heap:
 PSYoungGen      total 70656K, used 3771K [0x00000000eb380000, 0x00000000f4000000, 0x0000000100000000)
  eden space 64000K, 5% used [0x00000000eb380000,0x00000000eb72eed0,0x00000000ef200000)
  from space 6656K, 0% used [0x00000000ef200000,0x00000000ef200000,0x00000000ef880000)
  to   space 9216K, 0% used [0x00000000f3700000,0x00000000f3700000,0x00000000f4000000)
 ParOldGen       total 28672K, used 16724K [0x00000000c1a00000, 0x00000000c3600000, 0x00000000eb380000)
  object space 28672K, 58% used [0x00000000c1a00000,0x00000000c2a55208,0x00000000c3600000)
 Metaspace       used 35015K, capacity 35440K, committed 35968K, reserved 1081344K
  class space    used 4801K, capacity 4926K, committed 4992K, reserved 1048576K
GC Heap History (10 events):
Event: 16.207 GC heap before
{Heap before GC invocations=5 (full 0):
 PSYoungGen      total 35328K, used 16509K [0x00000000eb380000, 0x00000000ed880000, 0x0000000100000000)
  eden space 32768K, 42% used [0x00000000eb380000,0x00000000ec123510,0x00000000ed380000)
  from space 2560K, 99% used [0x00000000ed600000,0x00000000ed87c1d8,0x00000000ed880000)
  to   space 2560K, 0% used [0x00000000ed380000,0x00000000ed380000,0x00000000ed600000)
 ParOldGen       total 44032K, used 5475K [0x00000000c1a00000, 0x00000000c4500000, 0x00000000eb380000)
  object space 44032K, 12% used [0x00000000c1a00000,0x00000000c1f58f90,0x00000000c4500000)
 Metaspace       used 20799K, capacity 21024K, committed 21248K, reserved 1067008K
  class space    used 2684K, capacity 2766K, committed 2816K, reserved 1048576K
Event: 16.213 GC heap after
Heap after GC invocations=5 (full 0):
 PSYoungGen      total 35328K, used 2528K [0x00000000eb380000, 0x00000000efd80000, 0x0000000100000000)
  eden space 32768K, 0% used [0x00000000eb380000,0x00000000eb380000,0x00000000ed380000)
  from space 2560K, 98% used [0x00000000ed380000,0x00000000ed5f81e8,0x00000000ed600000)
  to   space 5120K, 0% used [0x00000000ef880000,0x00000000ef880000,0x00000000efd80000)
 ParOldGen       total 44032K, used 7055K [0x00000000c1a00000, 0x00000000c4500000, 0x00000000eb380000)
  object space 44032K, 16% used [0x00000000c1a00000,0x00000000c20e3f68,0x00000000c4500000)
 Metaspace       used 20799K, capacity 21024K, committed 21248K, reserved 1067008K
  class space    used 2684K, capacity 2766K, committed 2816K, reserved 1048576K
}
Event: 16.213 GC heap before
{Heap before GC invocations=6 (full 1):
 PSYoungGen      total 35328K, used 2528K [0x00000000eb380000, 0x00000000efd80000, 0x0000000100000000)
  eden space 32768K, 0% used [0x00000000eb380000,0x00000000eb380000,0x00000000ed380000)
  from space 2560K, 98% used [0x00000000ed380000,0x00000000ed5f81e8,0x00000000ed600000)
  to   space 5120K, 0% used [0x00000000ef880000,0x00000000ef880000,0x00000000efd80000)
 ParOldGen       total 44032K, used 7055K [0x00000000c1a00000, 0x00000000c4500000, 0x00000000eb380000)
  object space 44032K, 16% used [0x00000000c1a00000,0x00000000c20e3f68,0x00000000c4500000)
 Metaspace       used 20799K, capacity 21024K, committed 21248K, reserved 1067008K
  class space    used 2684K, capacity 2766K, committed 2816K, reserved 1048576K
Event: 16.239 GC heap after
Heap after GC invocations=6 (full 1):
 PSYoungGen      total 35328K, used 0K [0x00000000eb380000, 0x00000000efd80000, 0x0000000100000000)
  eden space 32768K, 0% used [0x00000000eb380000,0x00000000eb380000,0x00000000ed380000)
  from space 2560K, 0% used [0x00000000ed380000,0x00000000ed380000,0x00000000ed600000)
  to   space 5120K, 0% used [0x00000000ef880000,0x00000000ef880000,0x00000000efd80000)
 ParOldGen       total 28672K, used 7937K [0x00000000c1a00000, 0x00000000c3600000, 0x00000000eb380000)
  object space 28672K, 27% used [0x00000000c1a00000,0x00000000c21c0530,0x00000000c3600000)
 Metaspace       used 20799K, capacity 21024K, committed 21248K, reserved 1067008K
  class space    used 2684K, capacity 2766K, committed 2816K, reserved 1048576K
}
Event: 17.284 GC heap before
{Heap before GC invocations=7 (full 1):
 PSYoungGen      total 35328K, used 32768K [0x00000000eb380000, 0x00000000efd80000, 0x0000000100000000)
  eden space 32768K, 100% used [0x00000000eb380000,0x00000000ed380000,0x00000000ed380000)
  from space 2560K, 0% used [0x00000000ed380000,0x00000000ed380000,0x00000000ed600000)
  to   space 5120K, 0% used [0x00000000ef880000,0x00000000ef880000,0x00000000efd80000)
 ParOldGen       total 28672K, used 7937K [0x00000000c1a00000, 0x00000000c3600000, 0x00000000eb380000)
  object space 28672K, 27% used [0x00000000c1a00000,0x00000000c21c0530,0x00000000c3600000)
 Metaspace       used 27072K, capacity 27380K, committed 27776K, reserved 1073152K
  class space    used 3588K, capacity 3708K, committed 3712K, reserved 1048576K
Event: 17.289 GC heap after
Heap after GC invocations=7 (full 1):
 PSYoungGen      total 69120K, used 5112K [0x00000000eb380000, 0x00000000eff80000, 0x0000000100000000)
  eden space 64000K, 0% used [0x00000000eb380000,0x00000000eb380000,0x00000000ef200000)
  from space 5120K, 99% used [0x00000000ef880000,0x00000000efd7e038,0x00000000efd80000)
  to   space 6656K, 0% used [0x00000000ef200000,0x00000000ef200000,0x00000000ef880000)
 ParOldGen       total 28672K, used 8814K [0x00000000c1a00000, 0x00000000c3600000, 0x00000000eb380000)
  object space 28672K, 30% used [0x00000000c1a00000,0x00000000c229bbf8,0x00000000c3600000)
 Metaspace       used 27072K, capacity 27380K, committed 27776K, reserved 1073152K
  class space    used 3588K, capacity 3708K, committed 3712K, reserved 1048576K
}
Event: 21.477 GC heap before
{Heap before GC invocations=8 (full 1):
 PSYoungGen      total 69120K, used 61381K [0x00000000eb380000, 0x00000000eff80000, 0x0000000100000000)
  eden space 64000K, 87% used [0x00000000eb380000,0x00000000eea73678,0x00000000ef200000)
  from space 5120K, 99% used [0x00000000ef880000,0x00000000efd7e038,0x00000000efd80000)
  to   space 6656K, 0% used [0x00000000ef200000,0x00000000ef200000,0x00000000ef880000)
 ParOldGen       total 28672K, used 8814K [0x00000000c1a00000, 0x00000000c3600000, 0x00000000eb380000)
  object space 28672K, 30% used [0x00000000c1a00000,0x00000000c229bbf8,0x00000000c3600000)
 Metaspace       used 34808K, capacity 35184K, committed 35416K, reserved 1079296K
  class space    used 4757K, capacity 4862K, committed 4864K, reserved 1048576K
Event: 21.491 GC heap after
Heap after GC invocations=8 (full 1):
 PSYoungGen      total 70656K, used 6649K [0x00000000eb380000, 0x00000000f4000000, 0x0000000100000000)
  eden space 64000K, 0% used [0x00000000eb380000,0x00000000eb380000,0x00000000ef200000)
  from space 6656K, 99% used [0x00000000ef200000,0x00000000ef87e680,0x00000000ef880000)
  to   space 9216K, 0% used [0x00000000f3700000,0x00000000f3700000,0x00000000f4000000)
 ParOldGen       total 28672K, used 12277K [0x00000000c1a00000, 0x00000000c3600000, 0x00000000eb380000)
  object space 28672K, 42% used [0x00000000c1a00000,0x00000000c25fd6a8,0x00000000c3600000)
 Metaspace       used 34808K, capacity 35184K, committed 35416K, reserved 1079296K
  class space    used 4757K, capacity 4862K, committed 4864K, reserved 1048576K
}
Event: 21.491 GC heap before
{Heap before GC invocations=9 (full 2):
 PSYoungGen      total 70656K, used 6649K [0x00000000eb380000, 0x00000000f4000000, 0x0000000100000000)
  eden space 64000K, 0% used [0x00000000eb380000,0x00000000eb380000,0x00000000ef200000)
  from space 6656K, 99% used [0x00000000ef200000,0x00000000ef87e680,0x00000000ef880000)
  to   space 9216K, 0% used [0x00000000f3700000,0x00000000f3700000,0x00000000f4000000)
 ParOldGen       total 28672K, used 12277K [0x00000000c1a00000, 0x00000000c3600000, 0x00000000eb380000)
  object space 28672K, 42% used [0x00000000c1a00000,0x00000000c25fd6a8,0x00000000c3600000)
 Metaspace       used 34808K, capacity 35184K, committed 35416K, reserved 1079296K
  class space    used 4757K, capacity 4862K, committed 4864K, reserved 1048576K
Event: 21.553 GC heap after
Heap after GC invocations=9 (full 2):
 PSYoungGen      total 70656K, used 0K [0x00000000eb380000, 0x00000000f4000000, 0x0000000100000000)
  eden space 64000K, 0% used [0x00000000eb380000,0x00000000eb380000,0x00000000ef200000)
  from space 6656K, 0% used [0x00000000ef200000,0x00000000ef200000,0x00000000ef880000)
  to   space 9216K, 0% used [0x00000000f3700000,0x00000000f3700000,0x00000000f4000000)
 ParOldGen       total 28672K, used 16724K [0x00000000c1a00000, 0x00000000c3600000, 0x00000000eb380000)
  object space 28672K, 58% used [0x00000000c1a00000,0x00000000c2a55208,0x00000000c3600000)
 Metaspace       used 34808K, capacity 35184K, committed 35416K, reserved 1079296K
  class space    used 4757K, capacity 4862K, committed 4864K, reserved 1048576K
}

