# JRE version: Java(TM) SE Runtime Environment (8.0_144-b01) (build 1.8.0_144-b01)
# Java VM: Java HotSpot(TM) 64-Bit Server VM (25.144-b01 mixed mode windows-amd64 compressed oops)
Heap:
 PSYoungGen      total 70656K, used 7746K [0x00000000eb380000, 0x00000000f3f00000, 0x0000000100000000)
  eden space 64000K, 12% used [0x00000000eb380000,0x00000000ebb10818,0x00000000ef200000)
  from space 6656K, 0% used [0x00000000ef200000,0x00000000ef200000,0x00000000ef880000)
  to   space 9216K, 0% used [0x00000000f3600000,0x00000000f3600000,0x00000000f3f00000)
 ParOldGen       total 48128K, used 16711K [0x00000000c1a00000, 0x00000000c4900000, 0x00000000eb380000)
  object space 48128K, 34% used [0x00000000c1a00000,0x00000000c2a51c58,0x00000000c4900000)
 Metaspace       used 35579K, capacity 35984K, committed 36480K, reserved 1081344K
  class space    used 4847K, capacity 4958K, committed 4992K, reserved 1048576K
GC Heap History (10 events):
Event: 8.610 GC heap before
{Heap before GC invocations=5 (full 0):
 PSYoungGen      total 35328K, used 16428K [0x00000000eb380000, 0x00000000ed880000, 0x0000000100000000)
  eden space 32768K, 42% used [0x00000000eb380000,0x00000000ec113188,0x00000000ed380000)
  from space 2560K, 98% used [0x00000000ed600000,0x00000000ed8781a8,0x00000000ed880000)
  to   space 2560K, 0% used [0x00000000ed380000,0x00000000ed380000,0x00000000ed600000)
 ParOldGen       total 44032K, used 13046K [0x00000000c1a00000, 0x00000000c4500000, 0x00000000eb380000)
  object space 44032K, 29% used [0x00000000c1a00000,0x00000000c26bdb38,0x00000000c4500000)
 Metaspace       used 20864K, capacity 21056K, committed 21248K, reserved 1067008K
  class space    used 2693K, capacity 2798K, committed 2816K, reserved 1048576K
Event: 8.615 GC heap after
Heap after GC invocations=5 (full 0):
 PSYoungGen      total 35328K, used 2528K [0x00000000eb380000, 0x00000000efd80000, 0x0000000100000000)
  eden space 32768K, 0% used [0x00000000eb380000,0x00000000eb380000,0x00000000ed380000)
  from space 2560K, 98% used [0x00000000ed380000,0x00000000ed5f81c8,0x00000000ed600000)
  to   space 5120K, 0% used [0x00000000ef880000,0x00000000ef880000,0x00000000efd80000)
 ParOldGen       total 44032K, used 14639K [0x00000000c1a00000, 0x00000000c4500000, 0x00000000eb380000)
  object space 44032K, 33% used [0x00000000c1a00000,0x00000000c284bda8,0x00000000c4500000)
 Metaspace       used 20864K, capacity 21056K, committed 21248K, reserved 1067008K
  class space    used 2693K, capacity 2798K, committed 2816K, reserved 1048576K
}
Event: 8.615 GC heap before
{Heap before GC invocations=6 (full 1):
 PSYoungGen      total 35328K, used 2528K [0x00000000eb380000, 0x00000000efd80000, 0x0000000100000000)
  eden space 32768K, 0% used [0x00000000eb380000,0x00000000eb380000,0x00000000ed380000)
  from space 2560K, 98% used [0x00000000ed380000,0x00000000ed5f81c8,0x00000000ed600000)
  to   space 5120K, 0% used [0x00000000ef880000,0x00000000ef880000,0x00000000efd80000)
 ParOldGen       total 44032K, used 14639K [0x00000000c1a00000, 0x00000000c4500000, 0x00000000eb380000)
  object space 44032K, 33% used [0x00000000c1a00000,0x00000000c284bda8,0x00000000c4500000)
 Metaspace       used 20864K, capacity 21056K, committed 21248K, reserved 1067008K
  class space    used 2693K, capacity 2798K, committed 2816K, reserved 1048576K
Event: 8.639 GC heap after
Heap after GC invocations=6 (full 1):
 PSYoungGen      total 35328K, used 0K [0x00000000eb380000, 0x00000000efd80000, 0x0000000100000000)
  eden space 32768K, 0% used [0x00000000eb380000,0x00000000eb380000,0x00000000ed380000)
  from space 2560K, 0% used [0x00000000ed380000,0x00000000ed380000,0x00000000ed600000)
  to   space 5120K, 0% used [0x00000000ef880000,0x00000000ef880000,0x00000000efd80000)
 ParOldGen       total 35328K, used 7947K [0x00000000c1a00000, 0x00000000c3c80000, 0x00000000eb380000)
  object space 35328K, 22% used [0x00000000c1a00000,0x00000000c21c2e78,0x00000000c3c80000)
 Metaspace       used 20864K, capacity 21056K, committed 21248K, reserved 1067008K
  class space    used 2693K, capacity 2798K, committed 2816K, reserved 1048576K
}
Event: 9.350 GC heap before
{Heap before GC invocations=7 (full 1):
 PSYoungGen      total 35328K, used 32768K [0x00000000eb380000, 0x00000000efd80000, 0x0000000100000000)
  eden space 32768K, 100% used [0x00000000eb380000,0x00000000ed380000,0x00000000ed380000)
  from space 2560K, 0% used [0x00000000ed380000,0x00000000ed380000,0x00000000ed600000)
  to   space 5120K, 0% used [0x00000000ef880000,0x00000000ef880000,0x00000000efd80000)
 ParOldGen       total 35328K, used 7947K [0x00000000c1a00000, 0x00000000c3c80000, 0x00000000eb380000)
  object space 35328K, 22% used [0x00000000c1a00000,0x00000000c21c2e78,0x00000000c3c80000)
 Metaspace       used 27084K, capacity 27412K, committed 27776K, reserved 1073152K
  class space    used 3590K, capacity 3676K, committed 3712K, reserved 1048576K
Event: 9.356 GC heap after
Heap after GC invocations=7 (full 1):
 PSYoungGen      total 69120K, used 5091K [0x00000000eb380000, 0x00000000eff00000, 0x0000000100000000)
  eden space 64000K, 0% used [0x00000000eb380000,0x00000000eb380000,0x00000000ef200000)
  from space 5120K, 99% used [0x00000000ef880000,0x00000000efd78d70,0x00000000efd80000)
  to   space 6656K, 0% used [0x00000000ef200000,0x00000000ef200000,0x00000000ef880000)
 ParOldGen       total 35328K, used 8773K [0x00000000c1a00000, 0x00000000c3c80000, 0x00000000eb380000)
  object space 35328K, 24% used [0x00000000c1a00000,0x00000000c2291478,0x00000000c3c80000)
 Metaspace       used 27084K, capacity 27412K, committed 27776K, reserved 1073152K
  class space    used 3590K, capacity 3676K, committed 3712K, reserved 1048576K
}
Event: 10.249 GC heap before
{Heap before GC invocations=8 (full 1):
 PSYoungGen      total 69120K, used 61066K [0x00000000eb380000, 0x00000000eff00000, 0x0000000100000000)
  eden space 64000K, 87% used [0x00000000eb380000,0x00000000eea29b18,0x00000000ef200000)
  from space 5120K, 99% used [0x00000000ef880000,0x00000000efd78d70,0x00000000efd80000)
  to   space 6656K, 0% used [0x00000000ef200000,0x00000000ef200000,0x00000000ef880000)
 ParOldGen       total 35328K, used 8773K [0x00000000c1a00000, 0x00000000c3c80000, 0x00000000eb380000)
  object space 35328K, 24% used [0x00000000c1a00000,0x00000000c2291478,0x00000000c3c80000)
 Metaspace       used 34826K, capacity 35184K, committed 35416K, reserved 1079296K
  class space    used 4759K, capacity 4862K, committed 4864K, reserved 1048576K
Event: 10.260 GC heap after
Heap after GC invocations=8 (full 1):
 PSYoungGen      total 70656K, used 6642K [0x00000000eb380000, 0x00000000f3f00000, 0x0000000100000000)
  eden space 64000K, 0% used [0x00000000eb380000,0x00000000eb380000,0x00000000ef200000)
  from space 6656K, 99% used [0x00000000ef200000,0x00000000ef87c8a0,0x00000000ef880000)
  to   space 9216K, 0% used [0x00000000f3600000,0x00000000f3600000,0x00000000f3f00000)
 ParOldGen       total 35328K, used 12288K [0x00000000c1a00000, 0x00000000c3c80000, 0x00000000eb380000)
  object space 35328K, 34% used [0x00000000c1a00000,0x00000000c2600020,0x00000000c3c80000)
 Metaspace       used 34826K, capacity 35184K, committed 35416K, reserved 1079296K
  class space    used 4759K, capacity 4862K, committed 4864K, reserved 1048576K
}
Event: 10.260 GC heap before
{Heap before GC invocations=9 (full 2):
 PSYoungGen      total 70656K, used 6642K [0x00000000eb380000, 0x00000000f3f00000, 0x0000000100000000)
  eden space 64000K, 0% used [0x00000000eb380000,0x00000000eb380000,0x00000000ef200000)
  from space 6656K, 99% used [0x00000000ef200000,0x00000000ef87c8a0,0x00000000ef880000)
  to   space 9216K, 0% used [0x00000000f3600000,0x00000000f3600000,0x00000000f3f00000)
 ParOldGen       total 35328K, used 12288K [0x00000000c1a00000, 0x00000000c3c80000, 0x00000000eb380000)
  object space 35328K, 34% used [0x00000000c1a00000,0x00000000c2600020,0x00000000c3c80000)
 Metaspace       used 34826K, capacity 35184K, committed 35416K, reserved 1079296K
  class space    used 4759K, capacity 4862K, committed 4864K, reserved 1048576K
Event: 10.309 GC heap after
Heap after GC invocations=9 (full 2):
 PSYoungGen      total 70656K, used 0K [0x00000000eb380000, 0x00000000f3f00000, 0x0000000100000000)
  eden space 64000K, 0% used [0x00000000eb380000,0x00000000eb380000,0x00000000ef200000)
  from space 6656K, 0% used [0x00000000ef200000,0x00000000ef200000,0x00000000ef880000)
  to   space 9216K, 0% used [0x00000000f3600000,0x00000000f3600000,0x00000000f3f00000)
 ParOldGen       total 48128K, used 16711K [0x00000000c1a00000, 0x00000000c4900000, 0x00000000eb380000)
  object space 48128K, 34% used [0x00000000c1a00000,0x00000000c2a51c58,0x00000000c4900000)
 Metaspace       used 34826K, capacity 35184K, committed 35416K, reserved 1079296K
  class space    used 4759K, capacity 4862K, committed 4864K, reserved 1048576K
}

