# JRE version: Java(TM) SE Runtime Environment (8.0_144-b01) (build 1.8.0_144-b01)
# Java VM: Java HotSpot(TM) 64-Bit Server VM (25.144-b01 mixed mode windows-amd64 compressed oops)
Heap:
 PSYoungGen      total 35328K, used 27044K [0x00000000eb380000, 0x00000000ed880000, 0x0000000100000000)
  eden space 32768K, 74% used [0x00000000eb380000,0x00000000ecb6bd98,0x00000000ed380000)
  from space 2560K, 99% used [0x00000000ed600000,0x00000000ed87d450,0x00000000ed880000)
  to   space 2560K, 0% used [0x00000000ed380000,0x00000000ed380000,0x00000000ed600000)
 ParOldGen       total 29184K, used 11468K [0x00000000c1a00000, 0x00000000c3680000, 0x00000000eb380000)
  object space 29184K, 39% used [0x00000000c1a00000,0x00000000c2533218,0x00000000c3680000)
 Metaspace       used 30732K, capacity 31082K, committed 31616K, reserved 1077248K
  class space    used 4089K, capacity 4197K, committed 4224K, reserved 1048576K
GC Heap History (10 events):
Event: 6.629 GC heap before
{Heap before GC invocations=3 (full 0):
 PSYoungGen      total 18944K, used 18369K [0x00000000eb380000, 0x00000000ec880000, 0x0000000100000000)
  eden space 16384K, 99% used [0x00000000eb380000,0x00000000ec370980,0x00000000ec380000)
  from space 2560K, 79% used [0x00000000ec600000,0x00000000ec7ffb98,0x00000000ec880000)
  to   space 2560K, 0% used [0x00000000ec380000,0x00000000ec380000,0x00000000ec600000)
 ParOldGen       total 44032K, used 3785K [0x00000000c1a00000, 0x00000000c4500000, 0x00000000eb380000)
  object space 44032K, 8% used [0x00000000c1a00000,0x00000000c1db2768,0x00000000c4500000)
 Metaspace       used 12641K, capacity 12880K, committed 13056K, reserved 1060864K
  class space    used 1572K, capacity 1666K, committed 1792K, reserved 1048576K
Event: 6.631 GC heap after
Heap after GC invocations=3 (full 0):
 PSYoungGen      total 18944K, used 2051K [0x00000000eb380000, 0x00000000ed880000, 0x0000000100000000)
  eden space 16384K, 0% used [0x00000000eb380000,0x00000000eb380000,0x00000000ec380000)
  from space 2560K, 80% used [0x00000000ec380000,0x00000000ec580ed0,0x00000000ec600000)
  to   space 2560K, 0% used [0x00000000ed600000,0x00000000ed600000,0x00000000ed880000)
 ParOldGen       total 44032K, used 3785K [0x00000000c1a00000, 0x00000000c4500000, 0x00000000eb380000)
  object space 44032K, 8% used [0x00000000c1a00000,0x00000000c1db2768,0x00000000c4500000)
 Metaspace       used 12641K, capacity 12880K, committed 13056K, reserved 1060864K
  class space    used 1572K, capacity 1666K, committed 1792K, reserved 1048576K
}
Event: 6.898 GC heap before
{Heap before GC invocations=4 (full 0):
 PSYoungGen      total 18944K, used 18435K [0x00000000eb380000, 0x00000000ed880000, 0x0000000100000000)
  eden space 16384K, 100% used [0x00000000eb380000,0x00000000ec380000,0x00000000ec380000)
  from space 2560K, 80% used [0x00000000ec380000,0x00000000ec580ed0,0x00000000ec600000)
  to   space 2560K, 0% used [0x00000000ed600000,0x00000000ed600000,0x00000000ed880000)
 ParOldGen       total 44032K, used 3785K [0x00000000c1a00000, 0x00000000c4500000, 0x00000000eb380000)
  object space 44032K, 8% used [0x00000000c1a00000,0x00000000c1db2768,0x00000000c4500000)
 Metaspace       used 15399K, capacity 15636K, committed 16000K, reserved 1062912K
  class space    used 1969K, capacity 2052K, committed 2176K, reserved 1048576K
Event: 6.905 GC heap after
Heap after GC invocations=4 (full 0):
 PSYoungGen      total 35328K, used 2528K [0x00000000eb380000, 0x00000000ed880000, 0x0000000100000000)
  eden space 32768K, 0% used [0x00000000eb380000,0x00000000eb380000,0x00000000ed380000)
  from space 2560K, 98% used [0x00000000ed600000,0x00000000ed8781e8,0x00000000ed880000)
  to   space 2560K, 0% used [0x00000000ed380000,0x00000000ed380000,0x00000000ed600000)
 ParOldGen       total 44032K, used 5494K [0x00000000c1a00000, 0x00000000c4500000, 0x00000000eb380000)
  object space 44032K, 12% used [0x00000000c1a00000,0x00000000c1f5db50,0x00000000c4500000)
 Metaspace       used 15399K, capacity 15636K, committed 16000K, reserved 1062912K
  class space    used 1969K, capacity 2052K, committed 2176K, reserved 1048576K
}
Event: 7.248 GC heap before
{Heap before GC invocations=5 (full 0):
 PSYoungGen      total 35328K, used 17476K [0x00000000eb380000, 0x00000000ed880000, 0x0000000100000000)
  eden space 32768K, 45% used [0x00000000eb380000,0x00000000ec219058,0x00000000ed380000)
  from space 2560K, 98% used [0x00000000ed600000,0x00000000ed8781e8,0x00000000ed880000)
  to   space 2560K, 0% used [0x00000000ed380000,0x00000000ed380000,0x00000000ed600000)
 ParOldGen       total 44032K, used 5494K [0x00000000c1a00000, 0x00000000c4500000, 0x00000000eb380000)
  object space 44032K, 12% used [0x00000000c1a00000,0x00000000c1f5db50,0x00000000c4500000)
 Metaspace       used 20913K, capacity 21104K, committed 21248K, reserved 1067008K
  class space    used 2711K, capacity 2798K, committed 2816K, reserved 1048576K
Event: 7.253 GC heap after
Heap after GC invocations=5 (full 0):
 PSYoungGen      total 35328K, used 2528K [0x00000000eb380000, 0x00000000ed880000, 0x0000000100000000)
  eden space 32768K, 0% used [0x00000000eb380000,0x00000000eb380000,0x00000000ed380000)
  from space 2560K, 98% used [0x00000000ed380000,0x00000000ed5f81e8,0x00000000ed600000)
  to   space 2560K, 0% used [0x00000000ed600000,0x00000000ed600000,0x00000000ed880000)
 ParOldGen       total 44032K, used 7244K [0x00000000c1a00000, 0x00000000c4500000, 0x00000000eb380000)
  object space 44032K, 16% used [0x00000000c1a00000,0x00000000c2113058,0x00000000c4500000)
 Metaspace       used 20913K, capacity 21104K, committed 21248K, reserved 1067008K
  class space    used 2711K, capacity 2798K, committed 2816K, reserved 1048576K
}
Event: 7.253 GC heap before
{Heap before GC invocations=6 (full 1):
 PSYoungGen      total 35328K, used 2528K [0x00000000eb380000, 0x00000000ed880000, 0x0000000100000000)
  eden space 32768K, 0% used [0x00000000eb380000,0x00000000eb380000,0x00000000ed380000)
  from space 2560K, 98% used [0x00000000ed380000,0x00000000ed5f81e8,0x00000000ed600000)
  to   space 2560K, 0% used [0x00000000ed600000,0x00000000ed600000,0x00000000ed880000)
 ParOldGen       total 44032K, used 7244K [0x00000000c1a00000, 0x00000000c4500000, 0x00000000eb380000)
  object space 44032K, 16% used [0x00000000c1a00000,0x00000000c2113058,0x00000000c4500000)
 Metaspace       used 20913K, capacity 21104K, committed 21248K, reserved 1067008K
  class space    used 2711K, capacity 2798K, committed 2816K, reserved 1048576K
Event: 7.277 GC heap after
Heap after GC invocations=6 (full 1):
 PSYoungGen      total 35328K, used 0K [0x00000000eb380000, 0x00000000ed880000, 0x0000000100000000)
  eden space 32768K, 0% used [0x00000000eb380000,0x00000000eb380000,0x00000000ed380000)
  from space 2560K, 0% used [0x00000000ed380000,0x00000000ed380000,0x00000000ed600000)
  to   space 2560K, 0% used [0x00000000ed600000,0x00000000ed600000,0x00000000ed880000)
 ParOldGen       total 29184K, used 8081K [0x00000000c1a00000, 0x00000000c3680000, 0x00000000eb380000)
  object space 29184K, 27% used [0x00000000c1a00000,0x00000000c21e47f0,0x00000000c3680000)
 Metaspace       used 20913K, capacity 21104K, committed 21248K, reserved 1067008K
  class space    used 2711K, capacity 2798K, committed 2816K, reserved 1048576K
}
Event: 8.632 GC heap before
{Heap before GC invocations=7 (full 1):
 PSYoungGen      total 35328K, used 32768K [0x00000000eb380000, 0x00000000ed880000, 0x0000000100000000)
  eden space 32768K, 100% used [0x00000000eb380000,0x00000000ed380000,0x00000000ed380000)
  from space 2560K, 0% used [0x00000000ed380000,0x00000000ed380000,0x00000000ed600000)
  to   space 2560K, 0% used [0x00000000ed600000,0x00000000ed600000,0x00000000ed880000)
 ParOldGen       total 29184K, used 8081K [0x00000000c1a00000, 0x00000000c3680000, 0x00000000eb380000)
  object space 29184K, 27% used [0x00000000c1a00000,0x00000000c21e47f0,0x00000000c3680000)
 Metaspace       used 27268K, capacity 27652K, committed 27904K, reserved 1073152K
  class space    used 3607K, capacity 3740K, committed 3840K, reserved 1048576K
Event: 8.644 GC heap after
Heap after GC invocations=7 (full 1):
 PSYoungGen      total 35328K, used 2549K [0x00000000eb380000, 0x00000000ed880000, 0x0000000100000000)
  eden space 32768K, 0% used [0x00000000eb380000,0x00000000eb380000,0x00000000ed380000)
  from space 2560K, 99% used [0x00000000ed600000,0x00000000ed87d450,0x00000000ed880000)
  to   space 2560K, 0% used [0x00000000ed380000,0x00000000ed380000,0x00000000ed600000)
 ParOldGen       total 29184K, used 11468K [0x00000000c1a00000, 0x00000000c3680000, 0x00000000eb380000)
  object space 29184K, 39% used [0x00000000c1a00000,0x00000000c2533218,0x00000000c3680000)
 Metaspace       used 27268K, capacity 27652K, committed 27904K, reserved 1073152K
  class space    used 3607K, capacity 3740K, committed 3840K, reserved 1048576K
}

