# JRE version: Java(TM) SE Runtime Environment (8.0_144-b01) (build 1.8.0_144-b01)
# Java VM: Java HotSpot(TM) 64-Bit Server VM (25.144-b01 mixed mode windows-amd64 compressed oops)
Heap:
 PSYoungGen      total 70656K, used 3919K [0x00000000eb380000, 0x00000000f4000000, 0x0000000100000000)
  eden space 64512K, 6% used [0x00000000eb380000,0x00000000eb753c18,0x00000000ef280000)
  from space 6144K, 0% used [0x00000000ef280000,0x00000000ef280000,0x00000000ef880000)
  to   space 9216K, 0% used [0x00000000f3700000,0x00000000f3700000,0x00000000f4000000)
 ParOldGen       total 29184K, used 16764K [0x00000000c1a00000, 0x00000000c3680000, 0x00000000eb380000)
  object space 29184K, 57% used [0x00000000c1a00000,0x00000000c2a5f2c8,0x00000000c3680000)
 Metaspace       used 35025K, capacity 35376K, committed 35712K, reserved 1079296K
  class space    used 4803K, capacity 4926K, committed 4992K, reserved 1048576K
GC Heap History (10 events):
Event: 15.359 GC heap before
{Heap before GC invocations=5 (full 0):
 PSYoungGen      total 35328K, used 16312K [0x00000000eb380000, 0x00000000ed880000, 0x0000000100000000)
  eden space 32768K, 42% used [0x00000000eb380000,0x00000000ec0f60d0,0x00000000ed380000)
  from space 2560K, 98% used [0x00000000ed600000,0x00000000ed8781c8,0x00000000ed880000)
  to   space 2560K, 0% used [0x00000000ed380000,0x00000000ed380000,0x00000000ed600000)
 ParOldGen       total 44032K, used 5486K [0x00000000c1a00000, 0x00000000c4500000, 0x00000000eb380000)
  object space 44032K, 12% used [0x00000000c1a00000,0x00000000c1f5b9f8,0x00000000c4500000)
 Metaspace       used 20802K, capacity 21024K, committed 21248K, reserved 1067008K
  class space    used 2681K, capacity 2766K, committed 2816K, reserved 1048576K
Event: 15.364 GC heap after
Heap after GC invocations=5 (full 0):
 PSYoungGen      total 35328K, used 2544K [0x00000000eb380000, 0x00000000efd80000, 0x0000000100000000)
  eden space 32768K, 0% used [0x00000000eb380000,0x00000000eb380000,0x00000000ed380000)
  from space 2560K, 99% used [0x00000000ed380000,0x00000000ed5fc1d8,0x00000000ed600000)
  to   space 5120K, 0% used [0x00000000ef880000,0x00000000ef880000,0x00000000efd80000)
 ParOldGen       total 44032K, used 7030K [0x00000000c1a00000, 0x00000000c4500000, 0x00000000eb380000)
  object space 44032K, 15% used [0x00000000c1a00000,0x00000000c20ddbb8,0x00000000c4500000)
 Metaspace       used 20802K, capacity 21024K, committed 21248K, reserved 1067008K
  class space    used 2681K, capacity 2766K, committed 2816K, reserved 1048576K
}
Event: 15.364 GC heap before
{Heap before GC invocations=6 (full 1):
 PSYoungGen      total 35328K, used 2544K [0x00000000eb380000, 0x00000000efd80000, 0x0000000100000000)
  eden space 32768K, 0% used [0x00000000eb380000,0x00000000eb380000,0x00000000ed380000)
  from space 2560K, 99% used [0x00000000ed380000,0x00000000ed5fc1d8,0x00000000ed600000)
  to   space 5120K, 0% used [0x00000000ef880000,0x00000000ef880000,0x00000000efd80000)
 ParOldGen       total 44032K, used 7030K [0x00000000c1a00000, 0x00000000c4500000, 0x00000000eb380000)
  object space 44032K, 15% used [0x00000000c1a00000,0x00000000c20ddbb8,0x00000000c4500000)
 Metaspace       used 20802K, capacity 21024K, committed 21248K, reserved 1067008K
  class space    used 2681K, capacity 2766K, committed 2816K, reserved 1048576K
Event: 15.390 GC heap after
Heap after GC invocations=6 (full 1):
 PSYoungGen      total 35328K, used 0K [0x00000000eb380000, 0x00000000efd80000, 0x0000000100000000)
  eden space 32768K, 0% used [0x00000000eb380000,0x00000000eb380000,0x00000000ed380000)
  from space 2560K, 0% used [0x00000000ed380000,0x00000000ed380000,0x00000000ed600000)
  to   space 5120K, 0% used [0x00000000ef880000,0x00000000ef880000,0x00000000efd80000)
 ParOldGen       total 29184K, used 7933K [0x00000000c1a00000, 0x00000000c3680000, 0x00000000eb380000)
  object space 29184K, 27% used [0x00000000c1a00000,0x00000000c21bf750,0x00000000c3680000)
 Metaspace       used 20802K, capacity 21024K, committed 21248K, reserved 1067008K
  class space    used 2681K, capacity 2766K, committed 2816K, reserved 1048576K
}
Event: 17.131 GC heap before
{Heap before GC invocations=7 (full 1):
 PSYoungGen      total 35328K, used 32768K [0x00000000eb380000, 0x00000000efd80000, 0x0000000100000000)
  eden space 32768K, 100% used [0x00000000eb380000,0x00000000ed380000,0x00000000ed380000)
  from space 2560K, 0% used [0x00000000ed380000,0x00000000ed380000,0x00000000ed600000)
  to   space 5120K, 0% used [0x00000000ef880000,0x00000000ef880000,0x00000000efd80000)
 ParOldGen       total 29184K, used 7933K [0x00000000c1a00000, 0x00000000c3680000, 0x00000000eb380000)
  object space 29184K, 27% used [0x00000000c1a00000,0x00000000c21bf750,0x00000000c3680000)
 Metaspace       used 27014K, capacity 27380K, committed 27776K, reserved 1073152K
  class space    used 3580K, capacity 3708K, committed 3712K, reserved 1048576K
Event: 17.143 GC heap after
Heap after GC invocations=7 (full 1):
 PSYoungGen      total 69632K, used 5108K [0x00000000eb380000, 0x00000000efe80000, 0x0000000100000000)
  eden space 64512K, 0% used [0x00000000eb380000,0x00000000eb380000,0x00000000ef280000)
  from space 5120K, 99% used [0x00000000ef880000,0x00000000efd7d370,0x00000000efd80000)
  to   space 6144K, 0% used [0x00000000ef280000,0x00000000ef280000,0x00000000ef880000)
 ParOldGen       total 29184K, used 8762K [0x00000000c1a00000, 0x00000000c3680000, 0x00000000eb380000)
  object space 29184K, 30% used [0x00000000c1a00000,0x00000000c228eaf0,0x00000000c3680000)
 Metaspace       used 27014K, capacity 27380K, committed 27776K, reserved 1073152K
  class space    used 3580K, capacity 3708K, committed 3712K, reserved 1048576K
}
Event: 21.925 GC heap before
{Heap before GC invocations=8 (full 1):
 PSYoungGen      total 69632K, used 61753K [0x00000000eb380000, 0x00000000efe80000, 0x0000000100000000)
  eden space 64512K, 87% used [0x00000000eb380000,0x00000000eead1108,0x00000000ef280000)
  from space 5120K, 99% used [0x00000000ef880000,0x00000000efd7d370,0x00000000efd80000)
  to   space 6144K, 0% used [0x00000000ef280000,0x00000000ef280000,0x00000000ef880000)
 ParOldGen       total 29184K, used 8762K [0x00000000c1a00000, 0x00000000c3680000, 0x00000000eb380000)
  object space 29184K, 30% used [0x00000000c1a00000,0x00000000c228eaf0,0x00000000c3680000)
 Metaspace       used 34816K, capacity 35184K, committed 35416K, reserved 1079296K
  class space    used 4760K, capacity 4862K, committed 4864K, reserved 1048576K
Event: 21.938 GC heap after
Heap after GC invocations=8 (full 1):
 PSYoungGen      total 70656K, used 6116K [0x00000000eb380000, 0x00000000f4000000, 0x0000000100000000)
  eden space 64512K, 0% used [0x00000000eb380000,0x00000000eb380000,0x00000000ef280000)
  from space 6144K, 99% used [0x00000000ef280000,0x00000000ef8791d8,0x00000000ef880000)
  to   space 9216K, 0% used [0x00000000f3700000,0x00000000f3700000,0x00000000f4000000)
 ParOldGen       total 29184K, used 12824K [0x00000000c1a00000, 0x00000000c3680000, 0x00000000eb380000)
  object space 29184K, 43% used [0x00000000c1a00000,0x00000000c2686100,0x00000000c3680000)
 Metaspace       used 34816K, capacity 35184K, committed 35416K, reserved 1079296K
  class space    used 4760K, capacity 4862K, committed 4864K, reserved 1048576K
}
Event: 21.938 GC heap before
{Heap before GC invocations=9 (full 2):
 PSYoungGen      total 70656K, used 6116K [0x00000000eb380000, 0x00000000f4000000, 0x0000000100000000)
  eden space 64512K, 0% used [0x00000000eb380000,0x00000000eb380000,0x00000000ef280000)
  from space 6144K, 99% used [0x00000000ef280000,0x00000000ef8791d8,0x00000000ef880000)
  to   space 9216K, 0% used [0x00000000f3700000,0x00000000f3700000,0x00000000f4000000)
 ParOldGen       total 29184K, used 12824K [0x00000000c1a00000, 0x00000000c3680000, 0x00000000eb380000)
  object space 29184K, 43% used [0x00000000c1a00000,0x00000000c2686100,0x00000000c3680000)
 Metaspace       used 34816K, capacity 35184K, committed 35416K, reserved 1079296K
  class space    used 4760K, capacity 4862K, committed 4864K, reserved 1048576K
Event: 22.001 GC heap after
Heap after GC invocations=9 (full 2):
 PSYoungGen      total 70656K, used 0K [0x00000000eb380000, 0x00000000f4000000, 0x0000000100000000)
  eden space 64512K, 0% used [0x00000000eb380000,0x00000000eb380000,0x00000000ef280000)
  from space 6144K, 0% used [0x00000000ef280000,0x00000000ef280000,0x00000000ef880000)
  to   space 9216K, 0% used [0x00000000f3700000,0x00000000f3700000,0x00000000f4000000)
 ParOldGen       total 29184K, used 16764K [0x00000000c1a00000, 0x00000000c3680000, 0x00000000eb380000)
  object space 29184K, 57% used [0x00000000c1a00000,0x00000000c2a5f2c8,0x00000000c3680000)
 Metaspace       used 34816K, capacity 35184K, committed 35416K, reserved 1079296K
  class space    used 4760K, capacity 4862K, committed 4864K, reserved 1048576K
}

